<?xml version="1.0" encoding="UTF-8"?>
<testsuite hostname="WINBN250065-DNA" name="com.suvi.tests.BaseTest" tests="1" failures="1" timestamp="21 Oct 2015 09:43:29 GMT" time="11.925" errors="0">
  <testcase name="verifyHomePage" time="0.016" classname="com.suvi.tests.BaseTest">
    <failure type="java.lang.AssertionError" message="Home page title doesn&amp;apos;t match expected:&amp;lt;true&amp;gt; but was:&amp;lt;false&amp;gt;">
      <![CDATA[java.lang.AssertionError: Home page title doesn't match expected:<true> but was:<false>
	at com.suvi.tests.BaseTest.verifyHomePage(BaseTest.java:28)
... Removed 28 stack frames]]>
    </failure>
  </testcase>
</testsuite>
